<?xml version="1.0" encoding="UTF-8"?>
<testng-results skipped="0" failed="0" total="5" passed="5">
  <reporter-output>
  </reporter-output>
  <suite name="Default suite" duration-ms="237" started-at="2016-01-08T02:50:41Z" finished-at="2016-01-08T02:50:42Z">
    <groups>
    </groups>
    <test name="Default test" duration-ms="237" started-at="2016-01-08T02:50:41Z" finished-at="2016-01-08T02:50:42Z">
      <class name="com.sqa.na.testng.CalculateTest">
        <test-method status="PASS" signature="f(double, double)[pri:0, instance:com.sqa.na.testng.CalculateTest@1571baf0]" name="f" duration-ms="27" started-at="2016-01-07T18:50:42Z" data-provider="power" finished-at="2016-01-07T18:50:42Z">
          <params>
            <param index="0">
              <value>
                <![CDATA[9]]>
              </value>
            </param>
            <param index="1">
              <value>
                <![CDATA[4]]>
              </value>
            </param>
          </params>
          <reporter-output>
          </reporter-output>
        </test-method> <!-- f -->
        <test-method status="PASS" signature="f(double, double)[pri:0, instance:com.sqa.na.testng.CalculateTest@1571baf0]" name="f" duration-ms="4" started-at="2016-01-07T18:50:42Z" data-provider="power" finished-at="2016-01-07T18:50:42Z">
          <params>
            <param index="0">
              <value>
                <![CDATA[10]]>
              </value>
            </param>
            <param index="1">
              <value>
                <![CDATA[1]]>
              </value>
            </param>
          </params>
          <reporter-output>
          </reporter-output>
        </test-method> <!-- f -->
        <test-method status="PASS" signature="f(double, double)[pri:0, instance:com.sqa.na.testng.CalculateTest@1571baf0]" name="f" duration-ms="4" started-at="2016-01-07T18:50:42Z" data-provider="power" finished-at="2016-01-07T18:50:42Z">
          <params>
            <param index="0">
              <value>
                <![CDATA[7]]>
              </value>
            </param>
            <param index="1">
              <value>
                <![CDATA[3]]>
              </value>
            </param>
          </params>
          <reporter-output>
          </reporter-output>
        </test-method> <!-- f -->
        <test-method status="PASS" signature="f(double, double)[pri:0, instance:com.sqa.na.testng.CalculateTest@1571baf0]" name="f" duration-ms="1" started-at="2016-01-07T18:50:42Z" data-provider="power" finished-at="2016-01-07T18:50:42Z">
          <params>
            <param index="0">
              <value>
                <![CDATA[19]]>
              </value>
            </param>
            <param index="1">
              <value>
                <![CDATA[4]]>
              </value>
            </param>
          </params>
          <reporter-output>
          </reporter-output>
        </test-method> <!-- f -->
        <test-method status="PASS" signature="f(double, double)[pri:0, instance:com.sqa.na.testng.CalculateTest@1571baf0]" name="f" duration-ms="1" started-at="2016-01-07T18:50:42Z" data-provider="power" finished-at="2016-01-07T18:50:42Z">
          <params>
            <param index="0">
              <value>
                <![CDATA[100]]>
              </value>
            </param>
            <param index="1">
              <value>
                <![CDATA[0]]>
              </value>
            </param>
          </params>
          <reporter-output>
          </reporter-output>
        </test-method> <!-- f -->
      </class> <!-- com.sqa.na.testng.CalculateTest -->
    </test> <!-- Default test -->
  </suite> <!-- Default suite -->
</testng-results>
