<?xml version="1.0" encoding="UTF-8"?>
<!-- Generated by org.testng.reporters.JUnitXMLReporter -->
<testsuite hostname="Dell-Laptop" name="Test on Firefox" tests="13" failures="0" timestamp="7 Jan 2016 04:22:00 GMT" time="0.095" errors="0">
  <testcase name="f" time="0.009" classname="com.sqa.na.testng.AnnotationTest"/>
  <testcase name="f3" time="0.001" classname="com.sqa.na.testng.AnnotationTest"/>
  <testcase name="f2" time="0.0" classname="com.sqa.na.testng.AnnotationTest"/>
  <testcase name="f5" time="0.001" classname="com.sqa.na.testng.AnnotationTest"/>
  <testcase name="f4" time="0.001" classname="com.sqa.na.testng.AnnotationTest"/>
  <testcase name="assertEquals" time="0.003" classname="com.sqa.na.testng.AssertTest"/>
  <testcase name="assertFalse" time="0.001" classname="com.sqa.na.testng.AssertTest"/>
  <testcase name="assertNotEquals" time="0.003" classname="com.sqa.na.testng.AssertTest"/>
  <testcase name="assertNotNull" time="0.001" classname="com.sqa.na.testng.AssertTest"/>
  <testcase name="assertNotSame" time="0.001" classname="com.sqa.na.testng.AssertTest"/>
  <testcase name="assertNull" time="0.001" classname="com.sqa.na.testng.AssertTest"/>
  <testcase name="assertSame" time="0.001" classname="com.sqa.na.testng.AssertTest"/>
  <testcase name="assertTrue" time="0.002" classname="com.sqa.na.testng.AssertTest"/>
</testsuite> <!-- Test on Firefox -->
